<?xml version="1.0" encoding="UTF-8"?>
<!-- Generated by org.testng.reporters.JUnitReportReporter -->
<testsuite skipped="0" hostname="HIBACL56898" name="test.SearchTest" tests="1" failures="0" timestamp="2020-06-08T13:53:52 IST" time="28.297" errors="0">
  <testcase name="searchUserByNameByExcel" time="28.297" classname="test.SearchTest"/>
</testsuite> <!-- test.SearchTest -->
