<?xml version="1.0" encoding="UTF-8"?>
<!-- Generated by org.testng.reporters.JUnitReportReporter -->
<testsuite skipped="0" hostname="HIBACL56898" name="test.BaseTest" tests="1" failures="0" timestamp="2020-06-06T20:08:21 IST" time="0.007" errors="0">
  <testcase name="Test" time="0.007" classname="test.BaseTest"/>
</testsuite> <!-- test.BaseTest -->
