<?xml version="1.0" encoding="UTF-8"?>
<!-- Generated by org.testng.reporters.JUnitReportReporter -->
<testsuite skipped="0" hostname="HIBACL56898" name="framework.CreateUser" tests="1" failures="0" timestamp="2020-06-09T16:56:31 IST" time="96.929" errors="0">
  <testcase name="creaateUserFH" time="96.929" classname="framework.CreateUser"/>
</testsuite> <!-- framework.CreateUser -->
