<?xml version="1.0" encoding="UTF-8"?>
<!-- Generated by org.testng.reporters.JUnitReportReporter -->
<testsuite skipped="0" hostname="HIGURL71125" name="busniessLogic.SearchTest" tests="2" failures="0" timestamp="2020-07-30T09:43:50 IST" time="0.107" errors="0">
  <testcase name="samplePassTestCase" time="0.037" classname="busniessLogic.SearchTest"/>
  <system-out/>
  <testcase name="sampleFailTestCase" time="0.070" classname="busniessLogic.SearchTest"/>
  <system-out/>
</testsuite> <!-- busniessLogic.SearchTest -->
