<?xml version="1.0" encoding="UTF-8"?>
<!-- Generated by org.testng.reporters.JUnitReportReporter -->
<testsuite skipped="0" hostname="HIGURL71125" name="framework.SearchTest" tests="2" failures="0" timestamp="2020-07-30T09:28:38 IST" time="0.077" errors="0">
  <testcase name="sampleFailTestCase" time="0.064" classname="framework.SearchTest"/>
  <system-out/>
  <testcase name="samplePassTestCase" time="0.013" classname="framework.SearchTest"/>
  <system-out/>
</testsuite> <!-- framework.SearchTest -->
